2025-05-13 21:05:46.804 [info] [main] Log level: Info
2025-05-13 21:05:46.804 [info] [main] Validating found git in: "git"
2025-05-13 21:05:46.804 [info] [main] Using git "2.49.0" from "git"
2025-05-13 21:05:46.804 [info] [Model][doInitialScan] Initial repository scan started
2025-05-13 21:05:46.804 [info] > git rev-parse --show-toplevel [24ms]
2025-05-13 21:05:46.804 [info] fatal: not a git repository (or any of the parent directories): .git
2025-05-13 21:05:46.804 [info] > git rev-parse --show-toplevel [2ms]
2025-05-13 21:05:46.804 [info] fatal: not a git repository (or any of the parent directories): .git
2025-05-13 21:05:46.823 [info] > git rev-parse --show-toplevel [2ms]
2025-05-13 21:05:46.823 [info] fatal: detected dubious ownership in repository at '/usr/share/sddm/themes/Haze'
To add an exception for this directory, call:

	git config --global --add safe.directory /usr/share/sddm/themes/Haze
2025-05-13 21:05:46.832 [info] > git rev-parse --show-toplevel [1ms]
2025-05-13 21:05:46.832 [info] fatal: not a git repository (or any of the parent directories): .git
2025-05-13 21:05:46.841 [info] > git rev-parse --show-toplevel [1ms]
2025-05-13 21:05:46.841 [info] fatal: not a git repository (or any of the parent directories): .git
2025-05-13 21:05:46.852 [info] > git rev-parse --show-toplevel [2ms]
2025-05-13 21:05:46.852 [info] fatal: not a git repository (or any of the parent directories): .git
2025-05-13 21:05:46.862 [info] > git rev-parse --show-toplevel [2ms]
2025-05-13 21:05:46.862 [info] fatal: not a git repository (or any of the parent directories): .git
2025-05-13 21:05:46.870 [info] > git rev-parse --show-toplevel [2ms]
2025-05-13 21:05:46.870 [info] fatal: not a git repository (or any of the parent directories): .git
2025-05-13 21:05:46.871 [info] [Model][doInitialScan] Initial repository scan completed - repositories (0), closed repositories (0), parent repositories (0), unsafe repositories (1)
2025-05-13 21:05:47.293 [info] > git rev-parse --show-toplevel [2ms]
2025-05-13 21:05:47.293 [info] fatal: not a git repository (or any of the parent directories): .git
2025-05-13 21:05:48.294 [info] > git rev-parse --show-toplevel [2ms]
2025-05-13 21:05:48.294 [info] fatal: not a git repository (or any of the parent directories): .git
