2025-05-13 17:44:04 Loading main app package /usr/lib/obsidian/obsidian.asar
2025-05-13 17:44:05 Checking for update using Github
2025-05-13 17:44:05 Success.
2025-05-13 17:44:05 Latest version is 1.8.10
2025-05-13 17:44:05 App is up to date.
2025-05-13 17:58:15 Loading main app package /usr/lib/obsidian/obsidian.asar
2025-05-13 17:58:16 Checking for update using Github
2025-05-13 17:58:16 Success.
2025-05-13 17:58:16 Latest version is 1.8.10
2025-05-13 17:58:16 App is up to date.
2025-05-13 21:50:13 Loading main app package /usr/lib/obsidian/obsidian.asar
2025-05-13 21:50:14 Checking for update using Github
2025-05-13 21:50:14 Failed to check for update using Github (net::ERR_ADDRESS_UNREACHABLE)
2025-05-13 21:50:14 Checking for update using obsidian.md
2025-05-13 21:50:14 Failed to check for update using obsidian.md (net::ERR_ADDRESS_UNREACHABLE)
2025-05-13 22:01:55 Loading main app package /usr/lib/obsidian/obsidian.asar
2025-05-13 22:01:55 Checking for update using Github
2025-05-13 22:01:56 Success.
2025-05-13 22:01:56 Latest version is 1.8.10
2025-05-13 22:01:56 App is up to date.
2025-05-14 02:17:27 Loading main app package /usr/lib/obsidian/obsidian.asar
2025-05-14 02:17:27 Checking for update using Github
2025-05-14 02:17:27 Success.
2025-05-14 02:17:27 Latest version is 1.8.10
2025-05-14 02:17:27 App is up to date.
2025-05-14 15:51:52 Loading main app package /usr/lib/obsidian/obsidian.asar
2025-05-14 15:51:53 Checking for update using Github
2025-05-14 15:51:53 Failed to check for update using Github (net::ERR_CONNECTION_REFUSED)
2025-05-14 15:51:53 Checking for update using obsidian.md
2025-05-14 15:51:53 Failed to check for update using obsidian.md (net::ERR_CONNECTION_REFUSED)
2025-05-14 16:14:19 Loading main app package /usr/lib/obsidian/obsidian.asar
2025-05-14 16:14:20 Checking for update using Github
2025-05-14 16:14:20 Success.
2025-05-14 16:14:20 Latest version is 1.8.10
2025-05-14 16:14:20 App is up to date.
